<?xml version="1.0" encoding="UTF-8"?>
<!-- Generated by org.testng.reporters.JUnitXMLReporter -->
<testsuite ignored="1" hostname="Sachins" failures="0" tests="5" name="Test" time="0.092" errors="0" timestamp="2021-02-24T07:48:44 IST">
  <testcase classname="qaclickacademy.Mavenjava.RestAPITest" name="RestAPITest1" time="0.013"/>
  <testcase classname="qaclickacademy.Mavenjava.AppiumTest" name="AppiumTest1" time="0.002"/>
  <testcase classname="qaclickacademy.Mavenjava.AppiumTest" name="AppiumTest2" time="0.003"/>
  <testcase classname="qaclickacademy.Mavenjava.SeleniumTest" name="SeleniumTest1" time="0.001"/>
  <testcase classname="qaclickacademy.Mavenjava.SeleniumTest" name="SeleniumTest2" time="0.002"/>
  <testcase classname="qaclickacademy.Mavenjava.RestAPITest" name="RestAPITest2" time="0.0">
    <ignored/>
  </testcase> <!-- RestAPITest2 -->
</testsuite> <!-- Test -->
