<?xml version="1.0" encoding="UTF-8"?>
<!-- Generated by org.testng.reporters.JUnitXMLReporter -->
<testsuite hostname="Sachins" ignored="0" name="Test" tests="4" failures="0" timestamp="2021-02-24T08:11:25 IST" time="0.064" errors="0">
  <testcase name="RestAPITest1" time="0.006" classname="qaclickacademy.Mavenjava.RestAPITest"/>
  <testcase name="RestAPITest2" time="0.001" classname="qaclickacademy.Mavenjava.RestAPITest"/>
  <testcase name="AppiumTest1" time="0.0" classname="qaclickacademy.Mavenjava.AppiumTest"/>
  <testcase name="AppiumTest2" time="0.0" classname="qaclickacademy.Mavenjava.AppiumTest"/>
</testsuite> <!-- Test -->
